Copyright 1986-2019 Xilinx, Inc. All Rights Reserved.
--------------------------------------------------------------------------------------
| Tool Version : Vivado v.2019.2.1 (lin64) Build 2729669 Thu Dec  5 04:48:12 MST 2019
| Date         : Mon Jan 20 23:50:12 2020
| Host         : home-debian-1 running 64-bit Debian GNU/Linux 10 (buster)
| Command      : report_control_sets -verbose -file XADCdemo_control_sets_placed.rpt
| Design       : XADCdemo
| Device       : xc7a35ti
--------------------------------------------------------------------------------------

Control Set Information

Table of Contents
-----------------
1. Summary
2. Histogram
3. Flip-Flop Distribution
4. Detailed Control Set Information

1. Summary
----------

+----------------------------------------------------------+-------+
|                          Status                          | Count |
+----------------------------------------------------------+-------+
| Total control sets                                       |     5 |
|    Minimum number of control sets                        |     5 |
|    Addition due to synthesis replication                 |     0 |
|    Addition due to physical synthesis replication        |     0 |
| Unused register locations in slices containing registers |    13 |
+----------------------------------------------------------+-------+
* Control sets can be merged at opt_design using control_set_merge or merge_equivalent_drivers
** Run report_qor_suggestions for automated merging and remapping suggestions


2. Histogram
------------

+--------------------+-------+
|       Fanout       | Count |
+--------------------+-------+
| Total control sets |     5 |
| >= 0 to < 4        |     2 |
| >= 4 to < 6        |     0 |
| >= 6 to < 8        |     0 |
| >= 8 to < 10       |     0 |
| >= 10 to < 12      |     0 |
| >= 12 to < 14      |     0 |
| >= 14 to < 16      |     0 |
| >= 16              |     3 |
+--------------------+-------+
* Control sets can be remapped at either synth_design or opt_design


3. Flip-Flop Distribution
-------------------------

+--------------+-----------------------+------------------------+-----------------+--------------+
| Clock Enable | Synchronous Set/Reset | Asynchronous Set/Reset | Total Registers | Total Slices |
+--------------+-----------------------+------------------------+-----------------+--------------+
| No           | No                    | No                     |               3 |            2 |
| No           | No                    | Yes                    |               0 |            0 |
| No           | Yes                   | No                     |              16 |            5 |
| Yes          | No                    | No                     |              32 |            6 |
| Yes          | No                    | Yes                    |               0 |            0 |
| Yes          | Yes                   | No                     |               0 |            0 |
+--------------+-----------------------+------------------------+-----------------+--------------+


4. Detailed Control Set Information
-----------------------------------

+-------------------------+--------------------------+---------------------+------------------+----------------+
|       Clock Signal      |       Enable Signal      |   Set/Reset Signal  | Slice Load Count | Bel Load Count |
+-------------------------+--------------------------+---------------------+------------------+----------------+
|  CLK_5MHz/inst/clk_5MHz |                          |                     |                1 |              1 |
|  CLK100MHZ_IBUF_BUFG    |                          |                     |                1 |              2 |
|  CLK100MHZ_IBUF_BUFG    | lowDuration[15]_i_1_n_0  |                     |                2 |             16 |
|  CLK100MHZ_IBUF_BUFG    | highDuration[15]_i_1_n_0 |                     |                4 |             16 |
|  CLK_5MHz/inst/clk_5MHz |                          | counter[15]_i_1_n_0 |                5 |             16 |
+-------------------------+--------------------------+---------------------+------------------+----------------+


