Copyright 1986-2019 Xilinx, Inc. All Rights Reserved.
--------------------------------------------------------------------------------------
| Tool Version : Vivado v.2019.2.1 (lin64) Build 2729669 Thu Dec  5 04:48:12 MST 2019
| Date         : Sat Feb  1 17:42:55 2020
| Host         : home-debian-1 running 64-bit Debian GNU/Linux 10 (buster)
| Command      : report_control_sets -verbose -file XADCdemo_control_sets_placed.rpt
| Design       : XADCdemo
| Device       : xc7a35ti
--------------------------------------------------------------------------------------

Control Set Information

Table of Contents
-----------------
1. Summary
2. Histogram
3. Flip-Flop Distribution
4. Detailed Control Set Information

1. Summary
----------

+----------------------------------------------------------+-------+
|                          Status                          | Count |
+----------------------------------------------------------+-------+
| Total control sets                                       |     7 |
|    Minimum number of control sets                        |     7 |
|    Addition due to synthesis replication                 |     0 |
|    Addition due to physical synthesis replication        |     0 |
| Unused register locations in slices containing registers |    11 |
+----------------------------------------------------------+-------+
* Control sets can be merged at opt_design using control_set_merge or merge_equivalent_drivers
** Run report_qor_suggestions for automated merging and remapping suggestions


2. Histogram
------------

+--------------------+-------+
|       Fanout       | Count |
+--------------------+-------+
| Total control sets |     7 |
| >= 0 to < 4        |     0 |
| >= 4 to < 6        |     0 |
| >= 6 to < 8        |     0 |
| >= 8 to < 10       |     0 |
| >= 10 to < 12      |     1 |
| >= 12 to < 14      |     0 |
| >= 14 to < 16      |     0 |
| >= 16              |     6 |
+--------------------+-------+
* Control sets can be remapped at either synth_design or opt_design


3. Flip-Flop Distribution
-------------------------

+--------------+-----------------------+------------------------+-----------------+--------------+
| Clock Enable | Synchronous Set/Reset | Asynchronous Set/Reset | Total Registers | Total Slices |
+--------------+-----------------------+------------------------+-----------------+--------------+
| No           | No                    | No                     |              19 |            4 |
| No           | No                    | Yes                    |               0 |            0 |
| No           | Yes                   | No                     |              10 |            3 |
| Yes          | No                    | No                     |              32 |            8 |
| Yes          | No                    | Yes                    |               0 |            0 |
| Yes          | Yes                   | No                     |              48 |           12 |
+--------------+-----------------------+------------------------+-----------------+--------------+


4. Detailed Control Set Information
-----------------------------------

+----------------------+--------------------------+--------------------------+------------------+----------------+
|     Clock Signal     |       Enable Signal      |     Set/Reset Signal     | Slice Load Count | Bel Load Count |
+----------------------+--------------------------+--------------------------+------------------+----------------+
|  CLK100MHZ_IBUF_BUFG |                          | divider                  |                3 |             10 |
|  CLK100MHZ_IBUF_BUFG | divider                  | counter                  |                4 |             16 |
|  CLK100MHZ_IBUF_BUFG | highDuration[15]_i_2_n_0 | highDuration[15]_i_1_n_0 |                5 |             16 |
|  CLK100MHZ_IBUF_BUFG | highTime                 |                          |                4 |             16 |
|  CLK100MHZ_IBUF_BUFG | lowDuration[15]_i_2_n_0  | lowDuration[15]_i_1_n_0  |                3 |             16 |
|  CLK100MHZ_IBUF_BUFG | lowTime                  |                          |                4 |             16 |
|  CLK100MHZ_IBUF_BUFG |                          |                          |                4 |             19 |
+----------------------+--------------------------+--------------------------+------------------+----------------+


